#
# A fatal error has been detected by the Java Runtime Environment:
#
#  Internal Error (classFileParser.cpp:3494), pid=3258, tid=3061582656
#  Error: ShouldNotReachHere()
#
# JRE version: 6.0_24-b24
# Java VM: OpenJDK Server VM (20.0-b12 mixed mode linux-x86 )
# Derivative: IcedTea6 1.11.4
# Distribution: Ubuntu 12.04 LTS, package 6b24-1.11.4-1ubuntu0.12.04.1
# If you would like to submit a bug report, please include
# instructions how to reproduce the bug and visit:
#   https://bugs.launchpad.net/ubuntu/+source/openjdk-6/
#

---------------  T H R E A D  ---------------

Current thread (0xb6605400):  JavaThread "Unknown thread" [_thread_in_vm, id=3263, stack(0xb6770000,0xb67c1000)]

Stack: [0xb6770000,0xb67c1000]
[error occurred during error reporting (printing stack bounds), id 0xb]


[error occurred during error reporting (printing native stack), id 0xb]


---------------  P R O C E S S  ---------------

Java Threads: ( => current thread )

Other Threads:

=>0xb6605400 (exited) JavaThread "Unknown thread" [_thread_in_vm, id=3263, stack(0xb6770000,0xb67c1000)]

VM state:not at safepoint (not fully initialized)

VM Mutex/Monitor currently owned by a thread: None

Dynamic libraries:
08048000-08051000 r-xp 00000000 07:00 137853     /usr/lib/jvm/java-6-openjdk-i386/jre/bin/java
08051000-08052000 r--p 00008000 07:00 137853     /usr/lib/jvm/java-6-openjdk-i386/jre/bin/java
08052000-08053000 rw-p 00009000 07:00 137853     /usr/lib/jvm/java-6-openjdk-i386/jre/bin/java
0890c000-0892d000 rw-p 00000000 00:00 0          [heap]
7d664000-7d700000 r--s 00bcc000 07:00 684368     /home/deepai/android_sdk/android-sdk-linux/platforms/android-12/android.jar
7d700000-7d721000 rw-p 00000000 00:00 0 
7d721000-7d800000 ---p 00000000 00:00 0 
7d87f000-7d880000 ---p 00000000 00:00 0 
7d880000-7d900000 rw-p 00000000 00:00 0 
7d900000-7d921000 rw-p 00000000 00:00 0 
7d921000-7da00000 ---p 00000000 00:00 0 
7da00000-7da21000 rw-p 00000000 00:00 0 
7da21000-7db00000 ---p 00000000 00:00 0 
7db7f000-7db80000 ---p 00000000 00:00 0 
7db80000-7dc00000 rw-p 00000000 00:00 0 
7dc00000-7dc21000 rw-p 00000000 00:00 0 
7dc21000-7dd00000 ---p 00000000 00:00 0 
7dd41000-7dd42000 ---p 00000000 00:00 0 
7dd42000-7ddc2000 rw-p 00000000 00:00 0 
7ddc2000-7ddc3000 ---p 00000000 00:00 0 
7ddc3000-7de4b000 rw-p 00000000 00:00 0 
7de4b000-7de83000 rw-p 00000000 00:00 0 
7de83000-7de93000 rw-p 00000000 00:00 0 
7de93000-7df75000 rw-p 00000000 00:00 0 
7df75000-7df7d000 rw-p 00000000 00:00 0 
7df7d000-7dfb5000 rw-p 00000000 00:00 0 
7dfb5000-7dfc5000 rw-p 00000000 00:00 0 
7dfc5000-7e0a6000 rw-p 00000000 00:00 0 
7e0a6000-7e0ae000 rw-p 00000000 00:00 0 
7e0ae000-7e11f000 rw-p 00000000 00:00 0 
7e11f000-7f120000 rw-p 00000000 00:00 0 
7f120000-86120000 rw-p 00000000 00:00 0 
86120000-87f40000 rw-p 00000000 00:00 0 
87f40000-a43d0000 rw-p 00000000 00:00 0 
a43d0000-a52e0000 rw-p 00000000 00:00 0 
a52e0000-b3520000 rw-p 00000000 00:00 0 
b3527000-b3530000 rw-p 00000000 00:00 0 
b3530000-b35e7000 rw-p 00000000 00:00 0 
b35e7000-b3827000 rwxp 00000000 00:00 0 
b3827000-b65e7000 rw-p 00000000 00:00 0 
b65e7000-b65f2000 r-xp 00000000 07:00 1178513    /lib/i386-linux-gnu/libnss_files-2.15.so
b65f2000-b65f3000 r--p 0000a000 07:00 1178513    /lib/i386-linux-gnu/libnss_files-2.15.so
b65f3000-b65f4000 rw-p 0000b000 07:00 1178513    /lib/i386-linux-gnu/libnss_files-2.15.so
b65f4000-b65fe000 r-xp 00000000 07:00 1178515    /lib/i386-linux-gnu/libnss_nis-2.15.so
b65fe000-b65ff000 r--p 00009000 07:00 1178515    /lib/i386-linux-gnu/libnss_nis-2.15.so
b65ff000-b6600000 rw-p 0000a000 07:00 1178515    /lib/i386-linux-gnu/libnss_nis-2.15.so
b6600000-b665e000 rw-p 00000000 00:00 0 
b665e000-b6700000 ---p 00000000 00:00 0 
b6706000-b671c000 r-xp 00000000 07:00 1178510    /lib/i386-linux-gnu/libnsl-2.15.so
b671c000-b671d000 r--p 00015000 07:00 1178510    /lib/i386-linux-gnu/libnsl-2.15.so
b671d000-b671e000 rw-p 00016000 07:00 1178510    /lib/i386-linux-gnu/libnsl-2.15.so
b671e000-b6720000 rw-p 00000000 00:00 0 
b6720000-b6727000 r-xp 00000000 07:00 1178511    /lib/i386-linux-gnu/libnss_compat-2.15.so
b6727000-b6728000 r--p 00006000 07:00 1178511    /lib/i386-linux-gnu/libnss_compat-2.15.so
b6728000-b6729000 rw-p 00007000 07:00 1178511    /lib/i386-linux-gnu/libnss_compat-2.15.so
b672d000-b6734000 r-xp 00000000 07:00 137901     /usr/lib/jvm/java-6-openjdk-i386/jre/lib/i386/libzip.so
b6734000-b6735000 r--p 00006000 07:00 137901     /usr/lib/jvm/java-6-openjdk-i386/jre/lib/i386/libzip.so
b6735000-b6736000 rw-p 00007000 07:00 137901     /usr/lib/jvm/java-6-openjdk-i386/jre/lib/i386/libzip.so
b6736000-b673e000 rw-s 00000000 07:00 443984     /tmp/hsperfdata_deepai/3258
b673e000-b6764000 r-xp 00000000 07:00 137881     /usr/lib/jvm/java-6-openjdk-i386/jre/lib/i386/libjava.so
b6764000-b6765000 r--p 00025000 07:00 137881     /usr/lib/jvm/java-6-openjdk-i386/jre/lib/i386/libjava.so
b6765000-b6767000 rw-p 00026000 07:00 137881     /usr/lib/jvm/java-6-openjdk-i386/jre/lib/i386/libjava.so
b6767000-b676e000 r-xp 00000000 07:00 1178533    /lib/i386-linux-gnu/librt-2.15.so
b676e000-b676f000 r--p 00006000 07:00 1178533    /lib/i386-linux-gnu/librt-2.15.so
b676f000-b6770000 rw-p 00007000 07:00 1178533    /lib/i386-linux-gnu/librt-2.15.so
b6770000-b6773000 ---p 00000000 00:00 0 
b6773000-b67c1000 rw-p 00000000 00:00 0 
b67c1000-b67dd000 r-xp 00000000 07:00 1178497    /lib/i386-linux-gnu/libgcc_s.so.1
b67dd000-b67de000 r--p 0001b000 07:00 1178497    /lib/i386-linux-gnu/libgcc_s.so.1
b67de000-b67df000 rw-p 0001c000 07:00 1178497    /lib/i386-linux-gnu/libgcc_s.so.1
b67df000-b6809000 r-xp 00000000 07:00 1178503    /lib/i386-linux-gnu/libm-2.15.so
b6809000-b680a000 r--p 00029000 07:00 1178503    /lib/i386-linux-gnu/libm-2.15.so
b680a000-b680b000 rw-p 0002a000 07:00 1178503    /lib/i386-linux-gnu/libm-2.15.so
b680b000-b68e3000 r-xp 00000000 07:00 1712773    /usr/lib/i386-linux-gnu/libstdc++.so.6.0.16
b68e3000-b68e4000 ---p 000d8000 07:00 1712773    /usr/lib/i386-linux-gnu/libstdc++.so.6.0.16
b68e4000-b68e8000 r--p 000d8000 07:00 1712773    /usr/lib/i386-linux-gnu/libstdc++.so.6.0.16
b68e8000-b68e9000 rw-p 000dc000 07:00 1712773    /usr/lib/i386-linux-gnu/libstdc++.so.6.0.16
b68e9000-b68f0000 rw-p 00000000 00:00 0 
b68f0000-b710e000 r-xp 00000000 07:00 137913     /usr/lib/jvm/java-6-openjdk-i386/jre/lib/i386/server/libjvm.so
b710e000-b7153000 r--p 0081e000 07:00 137913     /usr/lib/jvm/java-6-openjdk-i386/jre/lib/i386/server/libjvm.so
b7153000-b7162000 rw-p 00863000 07:00 137913     /usr/lib/jvm/java-6-openjdk-i386/jre/lib/i386/server/libjvm.so
b7162000-b757e000 rw-p 00000000 00:00 0 
b757e000-b7592000 r-xp 00000000 07:00 1178546    /lib/i386-linux-gnu/libz.so.1.2.3.4
b7592000-b7593000 r--p 00013000 07:00 1178546    /lib/i386-linux-gnu/libz.so.1.2.3.4
b7593000-b7594000 rw-p 00014000 07:00 1178546    /lib/i386-linux-gnu/libz.so.1.2.3.4
b7594000-b7737000 r-xp 00000000 07:00 1178486    /lib/i386-linux-gnu/libc-2.15.so
b7737000-b7738000 ---p 001a3000 07:00 1178486    /lib/i386-linux-gnu/libc-2.15.so
b7738000-b773a000 r--p 001a3000 07:00 1178486    /lib/i386-linux-gnu/libc-2.15.so
b773a000-b773b000 rw-p 001a5000 07:00 1178486    /lib/i386-linux-gnu/libc-2.15.so
b773b000-b773e000 rw-p 00000000 00:00 0 
b773e000-b7741000 r-xp 00000000 07:00 1178493    /lib/i386-linux-gnu/libdl-2.15.so
b7741000-b7742000 r--p 00002000 07:00 1178493    /lib/i386-linux-gnu/libdl-2.15.so
b7742000-b7743000 rw-p 00003000 07:00 1178493    /lib/i386-linux-gnu/libdl-2.15.so
b7743000-b7747000 r-xp 00000000 07:00 137910     /usr/lib/jvm/java-6-openjdk-i386/jre/lib/i386/jli/libjli.so
b7747000-b7748000 r--p 00003000 07:00 137910     /usr/lib/jvm/java-6-openjdk-i386/jre/lib/i386/jli/libjli.so
b7748000-b7749000 rw-p 00004000 07:00 137910     /usr/lib/jvm/java-6-openjdk-i386/jre/lib/i386/jli/libjli.so
b7749000-b774a000 rw-p 00000000 00:00 0 
b774a000-b7761000 r-xp 00000000 07:00 1178530    /lib/i386-linux-gnu/libpthread-2.15.so
b7761000-b7762000 r--p 00016000 07:00 1178530    /lib/i386-linux-gnu/libpthread-2.15.so
b7762000-b7763000 rw-p 00017000 07:00 1178530    /lib/i386-linux-gnu/libpthread-2.15.so
b7763000-b7765000 rw-p 00000000 00:00 0 
b776a000-b776b000 rw-p 00000000 00:00 0 
b776b000-b776c000 r--p 00000000 00:00 0 
b776c000-b7777000 r-xp 00000000 07:00 137900     /usr/lib/jvm/java-6-openjdk-i386/jre/lib/i386/libverify.so
b7777000-b7778000 ---p 0000b000 07:00 137900     /usr/lib/jvm/java-6-openjdk-i386/jre/lib/i386/libverify.so
b7778000-b7779000 r--p 0000b000 07:00 137900     /usr/lib/jvm/java-6-openjdk-i386/jre/lib/i386/libverify.so
b7779000-b777a000 rw-p 0000c000 07:00 137900     /usr/lib/jvm/java-6-openjdk-i386/jre/lib/i386/libverify.so
b777a000-b777c000 rw-p 00000000 00:00 0 
b777c000-b777d000 r-xp 00000000 00:00 0          [vdso]
b777d000-b779d000 r-xp 00000000 07:00 1178476    /lib/i386-linux-gnu/ld-2.15.so
b779d000-b779e000 r--p 0001f000 07:00 1178476    /lib/i386-linux-gnu/ld-2.15.so
b779e000-b779f000 rw-p 00020000 07:00 1178476    /lib/i386-linux-gnu/ld-2.15.so
bf8f5000-bf916000 rw-p 00000000 00:00 0          [stack]

VM Arguments:
jvm_args: -Dfile.encoding=UTF-8 -Xbootclasspath:/home/deepai/android_sdk/android-sdk-linux/platforms/android-12/android.jar 
java_command: com.example.handwritingrecog.character
Launcher Type: SUN_STANDARD

Environment Variables:
PATH=/opt/Qt5.0.0beta2/Desktop/Qt/5.0.0/gcc/bin:/usr/lib/lightdm/lightdm:/usr/local/sbin:/usr/local/bin:/usr/sbin:/usr/bin:/sbin:/bin:/usr/games:/home/deepai/pc2-9.2.3
LD_LIBRARY_PATH=/usr/lib/jvm/java-6-openjdk-i386/jre/lib/i386/server:/usr/lib/jvm/java-6-openjdk-i386/jre/lib/i386:/usr/lib/jvm/java-6-openjdk-i386/jre/../lib/i386:/usr/lib/jvm/java-6-openjdk-i386/jre/lib/i386/client:/usr/lib/jvm/java-6-openjdk-i386/jre/lib/i386:
SHELL=/bin/bash
DISPLAY=:0

Signal Handlers:
SIGSEGV: [libjvm.so+0x66a270], sa_mask[0]=0x7ffbfeff, sa_flags=0x10000004
SIGBUS: [libjvm.so+0x66a270], sa_mask[0]=0x7ffbfeff, sa_flags=0x10000004
SIGFPE: [libjvm.so+0x52e160], sa_mask[0]=0x7ffbfeff, sa_flags=0x10000004
SIGPIPE: [libjvm.so+0x52e160], sa_mask[0]=0x7ffbfeff, sa_flags=0x10000004
SIGXFSZ: [libjvm.so+0x52e160], sa_mask[0]=0x7ffbfeff, sa_flags=0x10000004
SIGILL: [libjvm.so+0x52e160], sa_mask[0]=0x7ffbfeff, sa_flags=0x10000004
SIGUSR1: SIG_DFL, sa_mask[0]=0x00000000, sa_flags=0x00000000
SIGUSR2: [libjvm.so+0x52dff0], sa_mask[0]=0x00000004, sa_flags=0x10000004
SIGHUP: SIG_DFL, sa_mask[0]=0x00000000, sa_flags=0x00000000
SIGINT: SIG_DFL, sa_mask[0]=0x00000000, sa_flags=0x00000000
SIGTERM: SIG_DFL, sa_mask[0]=0x00000000, sa_flags=0x00000000
SIGQUIT: SIG_DFL, sa_mask[0]=0x00000000, sa_flags=0x00000000


---------------  S Y S T E M  ---------------

OS:Ubuntu 12.04 (precise)
uname:Linux 3.2.0-31-generic-pae #50-Ubuntu SMP Fri Sep 7 16:39:45 UTC 2012 i686
libc:glibc 2.15 NPTL 2.15 
rlimit: STACK 8192k, CORE 0k, NPROC 23003, NOFILE 4096, AS infinity
load average:0.30 0.20 0.19

/proc/meminfo:
MemTotal:        2959068 kB
MemFree:          152108 kB
Buffers:          655728 kB
Cached:          1388060 kB
SwapCached:            0 kB
Active:           881000 kB
Inactive:        1824000 kB
Active(anon):     621680 kB
Inactive(anon):   262524 kB
Active(file):     259320 kB
Inactive(file):  1561476 kB
Unevictable:           0 kB
Mlocked:               0 kB
HighTotal:       2092288 kB
HighFree:          26324 kB
LowTotal:         866780 kB
LowFree:          125784 kB
SwapTotal:        262140 kB
SwapFree:         262140 kB
Dirty:              1168 kB
Writeback:             0 kB
AnonPages:        661640 kB
Mapped:           152028 kB
Shmem:            222756 kB
Slab:              62840 kB
SReclaimable:      43552 kB
SUnreclaim:        19288 kB
KernelStack:        4176 kB
PageTables:         9104 kB
NFS_Unstable:          0 kB
Bounce:                0 kB
WritebackTmp:          0 kB
CommitLimit:     1741672 kB
Committed_AS:    3639988 kB
VmallocTotal:     122880 kB
VmallocUsed:       17356 kB
VmallocChunk:     104516 kB
HardwareCorrupted:     0 kB
AnonHugePages:         0 kB
HugePages_Total:       0
HugePages_Free:        0
HugePages_Rsvd:        0
HugePages_Surp:        0
Hugepagesize:       2048 kB
DirectMap4k:       10232 kB
DirectMap2M:      903168 kB


CPU:total 4 (2 cores per cpu, 2 threads per core) family 6 model 37 stepping 5, cmov, cx8, fxsr, mmx, sse, sse2, sse3, ssse3, sse4.1, sse4.2, popcnt, ht

Memory: 4k page, physical 2959068k(152108k free), swap 262140k(262140k free)

vm_info: OpenJDK Server VM (20.0-b12) for linux-x86 JRE (1.6.0_24-b24), built on Sep  1 2012 19:13:49 by "buildd" with gcc 4.6.3

time: Tue Apr  9 11:24:24 2013
elapsed time: 0 seconds

